<?xml version="1.0" encoding="UTF-8"?>
<!-- Generated by org.testng.reporters.JUnitReportReporter -->
<testsuite hostname="DESKTOP-SP408RB" name="tests.homePageTests.HomePageTests" tests="4" failures="0" timestamp="13 Jul 2022 14:04:08 GMT" time="2.583" errors="0">
  <testcase name="loginWithCorrectCredential" time="0.527" classname="tests.homePageTests.HomePageTests"/>
  <testcase name="loginWithIncorrectCredential" time="0.444" classname="tests.homePageTests.HomePageTests"/>
  <testcase name="hitLoginWithoutEnteredData" time="0.447" classname="tests.homePageTests.HomePageTests"/>
  <testcase name="addItemToCart" time="1.165" classname="tests.homePageTests.HomePageTests"/>
</testsuite> <!-- tests.homePageTests.HomePageTests -->
