<?xml version="1.0" encoding="UTF-8"?>
<!-- Generated by org.testng.reporters.JUnitReportReporter -->
<testsuite hostname="DESKTOP-SP408RB" name="tests.homePageTests.HomePageTests" tests="4" failures="0" timestamp="13 Jul 2022 13:18:57 GMT" time="3.319" errors="0">
  <testcase name="hitLoginWithoutEnteredData" time="0.618" classname="tests.homePageTests.HomePageTests"/>
  <testcase name="loginWithCorrectCredential" time="0.466" classname="tests.homePageTests.HomePageTests"/>
  <testcase name="addItemToCart" time="1.519" classname="tests.homePageTests.HomePageTests"/>
  <testcase name="loginWithIncorrectCredential" time="0.716" classname="tests.homePageTests.HomePageTests"/>
</testsuite> <!-- tests.homePageTests.HomePageTests -->
