<?xml version="1.0" encoding="UTF-8"?>
<!-- Generated by org.testng.reporters.JUnitReportReporter -->
<testsuite hostname="DESKTOP-SP408RB" name="tests.homePageTests.HomePageTests" tests="4" failures="0" timestamp="13 Jul 2022 13:56:14 GMT" time="2.871" errors="0">
  <testcase name="addItemToCart" time="1.395" classname="tests.homePageTests.HomePageTests"/>
  <testcase name="loginWithCorrectCredential" time="0.600" classname="tests.homePageTests.HomePageTests"/>
  <testcase name="loginWithIncorrectCredential" time="0.574" classname="tests.homePageTests.HomePageTests"/>
  <testcase name="hitLoginWithoutEnteredData" time="0.302" classname="tests.homePageTests.HomePageTests"/>
</testsuite> <!-- tests.homePageTests.HomePageTests -->
